<?xml version="1.0" encoding="UTF-8"?>
<testsuite name="com.datastructure.MyNodeTest" tests="1" skipped="0" failures="0" errors="0" timestamp="2021-05-14T18:02:53" hostname="ADMIN-PC" time="0.026">
  <properties/>
  <testcase name="given3NumbersWhenLinkedListShouldPassedLinkedListTest()" classname="com.datastructure.MyNodeTest" time="0.026"/>
  <system-out><![CDATA[]]></system-out>
  <system-err><![CDATA[]]></system-err>
</testsuite>
